TN:
SF:app.js
FN:46,(anonymous_0)
FNF:1
FNH:1
FNDA:1,(anonymous_0)
DA:1,1
DA:2,1
DA:3,1
DA:4,1
DA:5,1
DA:6,1
DA:7,1
DA:8,1
DA:11,1
DA:13,1
DA:14,1
DA:16,1
DA:33,1
DA:34,1
DA:36,1
DA:37,1
DA:38,1
DA:39,1
DA:40,1
DA:41,1
DA:42,1
DA:45,1
DA:46,1
DA:47,1
DA:49,1
LF:25
LH:25
BRDA:45,0,0,1
BRDA:45,0,1,0
BRF:2
BRH:1
end_of_record
TN:
SF:src\configs\cloudinary.js
FNF:0
FNH:0
DA:1,1
DA:3,1
DA:9,1
LF:3
LH:3
BRF:0
BRH:0
end_of_record
TN:
SF:src\configs\database.js
FN:5,(anonymous_0)
FN:10,(anonymous_1)
FNF:2
FNH:2
FNDA:1,(anonymous_0)
FNDA:1,(anonymous_1)
DA:1,1
DA:2,1
DA:3,1
DA:5,1
DA:6,1
DA:10,1
DA:13,1
LF:7
LH:7
BRF:0
BRH:0
end_of_record
TN:
SF:src\configs\multer.js
FN:9,(anonymous_0)
FNF:1
FNH:1
FNDA:2,(anonymous_0)
DA:1,1
DA:2,1
DA:3,1
DA:5,1
DA:7,1
DA:10,2
DA:11,2
DA:12,0
DA:13,0
DA:15,2
DA:27,1
LF:11
LH:9
BRDA:11,0,0,0
BRDA:11,0,1,2
BRDA:11,1,0,2
BRDA:11,1,1,0
BRDA:11,1,2,0
BRF:5
BRH:2
end_of_record
TN:
SF:src\controllers\blogcontrollers.js
FN:19,(anonymous_0)
FN:21,(anonymous_1)
FN:27,(anonymous_2)
FN:31,(anonymous_3)
FN:32,(anonymous_4)
FN:47,(anonymous_5)
FN:53,(anonymous_6)
FN:63,(anonymous_7)
FN:76,(anonymous_8)
FN:80,(anonymous_9)
FN:86,(anonymous_10)
FN:95,(anonymous_11)
FN:98,(anonymous_12)
FN:115,(anonymous_13)
FN:117,(anonymous_14)
FN:125,generateToken
FN:130,(anonymous_16)
FN:160,(anonymous_17)
FN:209,(anonymous_18)
FN:218,(anonymous_19)
FN:229,(anonymous_20)
FN:243,(anonymous_21)
FN:245,(anonymous_22)
FN:251,(anonymous_23)
FN:256,(anonymous_24)
FN:259,(anonymous_25)
FN:269,(anonymous_26)
FN:272,(anonymous_27)
FN:280,(anonymous_28)
FN:285,(anonymous_29)
FN:290,(anonymous_30)
FN:306,(anonymous_31)
FN:312,(anonymous_32)
FN:317,(anonymous_33)
FN:321,(anonymous_34)
FN:340,(anonymous_35)
FNF:36
FNH:30
FNDA:1,(anonymous_0)
FNDA:1,(anonymous_1)
FNDA:1,(anonymous_2)
FNDA:1,(anonymous_3)
FNDA:7,(anonymous_4)
FNDA:1,(anonymous_5)
FNDA:0,(anonymous_6)
FNDA:1,(anonymous_7)
FNDA:0,(anonymous_8)
FNDA:2,(anonymous_9)
FNDA:1,(anonymous_10)
FNDA:1,(anonymous_11)
FNDA:1,(anonymous_12)
FNDA:0,(anonymous_13)
FNDA:0,(anonymous_14)
FNDA:3,generateToken
FNDA:2,(anonymous_16)
FNDA:5,(anonymous_17)
FNDA:3,(anonymous_18)
FNDA:1,(anonymous_19)
FNDA:2,(anonymous_20)
FNDA:1,(anonymous_21)
FNDA:1,(anonymous_22)
FNDA:1,(anonymous_23)
FNDA:2,(anonymous_24)
FNDA:2,(anonymous_25)
FNDA:3,(anonymous_26)
FNDA:2,(anonymous_27)
FNDA:2,(anonymous_28)
FNDA:1,(anonymous_29)
FNDA:0,(anonymous_30)
FNDA:0,(anonymous_31)
FNDA:1,(anonymous_32)
FNDA:1,(anonymous_33)
FNDA:1,(anonymous_34)
FNDA:2,(anonymous_35)
DA:1,1
DA:2,1
DA:3,1
DA:4,1
DA:5,1
DA:6,1
DA:7,1
DA:8,1
DA:9,1
DA:10,1
DA:11,1
DA:12,1
DA:13,1
DA:16,1
DA:19,1
DA:20,1
DA:21,1
DA:27,1
DA:28,1
DA:29,1
DA:30,1
DA:32,1
DA:33,7
DA:34,1
DA:35,1
DA:39,1
DA:40,0
DA:47,1
DA:48,1
DA:49,1
DA:50,0
DA:51,0
DA:53,0
DA:54,0
DA:55,0
DA:57,0
DA:58,0
DA:63,1
DA:64,1
DA:65,0
DA:67,1
DA:68,1
DA:76,1
DA:77,0
DA:80,1
DA:81,2
DA:82,2
DA:84,1
DA:85,1
DA:87,1
DA:90,1
DA:95,1
DA:96,1
DA:97,1
DA:99,1
DA:100,1
DA:101,0
DA:103,1
DA:104,1
DA:105,1
DA:106,1
DA:109,0
DA:115,1
DA:116,0
DA:118,0
DA:119,0
DA:120,0
DA:126,3
DA:127,3
DA:130,1
DA:131,2
DA:133,2
DA:134,2
DA:135,2
DA:136,2
DA:137,2
DA:138,2
DA:139,1
DA:140,1
DA:141,1
DA:143,1
DA:149,1
DA:155,0
DA:160,1
DA:161,5
DA:162,5
DA:163,4
DA:164,4
DA:165,4
DA:166,4
DA:167,4
DA:169,4
DA:170,3
DA:171,3
DA:172,2
DA:173,2
DA:175,2
DA:178,1
DA:182,1
DA:183,1
DA:184,0
DA:185,0
DA:187,0
DA:189,1
DA:195,0
DA:201,0
DA:204,1
DA:209,1
DA:210,3
DA:211,3
DA:212,1
DA:213,1
DA:214,1
DA:216,1
DA:217,1
DA:219,1
DA:220,1
DA:221,1
DA:224,2
DA:229,1
DA:231,2
DA:232,2
DA:233,1
DA:234,1
DA:235,1
DA:236,1
DA:238,1
DA:243,1
DA:244,1
DA:245,1
DA:251,1
DA:252,1
DA:253,1
DA:256,1
DA:257,2
DA:259,2
DA:260,2
DA:261,1
DA:263,2
DA:264,1
DA:269,1
DA:270,3
DA:271,3
DA:273,2
DA:274,0
DA:276,2
DA:277,2
DA:281,2
DA:282,2
DA:283,1
DA:284,1
DA:286,1
DA:287,1
DA:288,1
DA:291,0
DA:295,1
DA:296,1
DA:300,1
DA:303,0
DA:307,0
DA:313,1
DA:317,1
DA:318,1
DA:319,1
DA:320,1
DA:322,1
DA:323,1
DA:324,0
DA:327,1
DA:328,1
DA:332,1
DA:335,0
DA:340,1
DA:341,2
DA:342,2
DA:343,2
DA:344,1
DA:345,1
DA:348,1
DA:355,1
LF:180
LH:152
BRDA:33,0,0,1
BRDA:33,0,1,6
BRDA:39,1,0,0
BRDA:39,1,1,1
BRDA:49,2,0,0
BRDA:49,2,1,1
BRDA:54,3,0,0
BRDA:54,3,1,0
BRDA:57,4,0,0
BRDA:57,4,1,0
BRDA:64,5,0,0
BRDA:64,5,1,1
BRDA:67,6,0,1
BRDA:67,6,1,0
BRDA:82,7,0,1
BRDA:82,7,1,1
BRDA:100,8,0,0
BRDA:100,8,1,1
BRDA:133,9,0,2
BRDA:133,9,1,0
BRDA:138,10,0,1
BRDA:138,10,1,1
BRDA:162,11,0,4
BRDA:162,11,1,1
BRDA:167,12,0,4
BRDA:167,12,1,0
BRDA:169,13,0,3
BRDA:169,13,1,1
BRDA:171,14,0,2
BRDA:171,14,1,1
BRDA:183,15,0,0
BRDA:183,15,1,1
BRDA:211,16,0,1
BRDA:211,16,1,2
BRDA:232,17,0,1
BRDA:232,17,1,1
BRDA:260,18,0,1
BRDA:260,18,1,1
BRDA:263,19,0,1
BRDA:263,19,1,1
BRDA:273,20,0,0
BRDA:273,20,1,2
BRDA:282,21,0,1
BRDA:282,21,1,1
BRDA:323,22,0,0
BRDA:323,22,1,1
BRDA:343,23,0,1
BRDA:343,23,1,1
BRF:48
BRH:34
end_of_record
TN:
SF:src\middlewares\adminActions.js
FN:6,(anonymous_0)
FN:10,(anonymous_1)
FNF:2
FNH:2
FNDA:12,(anonymous_0)
FNDA:12,(anonymous_1)
DA:1,1
DA:2,1
DA:6,1
DA:7,12
DA:9,12
DA:10,12
DA:11,12
DA:12,0
DA:16,12
DA:17,12
DA:18,12
DA:19,9
DA:20,9
DA:23,0
DA:27,3
DA:34,0
DA:38,1
LF:17
LH:14
BRDA:9,0,0,12
BRDA:9,0,1,0
BRDA:11,1,0,0
BRDA:11,1,1,12
BRDA:16,2,0,12
BRDA:16,2,1,0
BRDA:18,3,0,9
BRDA:18,3,1,3
BRDA:19,4,0,9
BRDA:19,4,1,0
BRF:10
BRH:6
end_of_record
TN:
SF:src\middlewares\emailvalidation.js
FN:2,ValidateEmail
FNF:1
FNH:1
FNDA:1,ValidateEmail
DA:3,1
DA:8,1
LF:2
LH:2
BRF:0
BRH:0
end_of_record
TN:
SF:src\middlewares\formvalidation.js
FN:3,(anonymous_0)
FN:3,(anonymous_1)
FNF:2
FNH:2
FNDA:5,(anonymous_0)
FNDA:14,(anonymous_1)
DA:1,1
DA:3,5
DA:4,14
DA:7,1
DA:13,1
DA:19,1
DA:24,1
DA:28,1
DA:32,1
DA:33,1
DA:34,1
DA:35,1
DA:36,1
LF:13
LH:13
BRF:0
BRH:0
end_of_record
TN:
SF:src\middlewares\verifytoken.js
FN:5,(anonymous_0)
FN:9,(anonymous_1)
FNF:2
FNH:2
FNDA:22,(anonymous_0)
FNDA:21,(anonymous_1)
DA:1,1
DA:5,1
DA:6,22
DA:8,22
DA:9,21
DA:10,21
DA:11,3
DA:13,21
DA:14,18
DA:19,1
DA:23,1
LF:11
LH:11
BRDA:8,0,0,21
BRDA:8,0,1,1
BRDA:10,1,0,3
BRDA:10,1,1,18
BRDA:13,2,0,18
BRDA:13,2,1,3
BRF:6
BRH:6
end_of_record
TN:
SF:src\middlewares\verifyuser.js
FN:6,(anonymous_0)
FN:10,(anonymous_1)
FNF:2
FNH:2
FNDA:35,(anonymous_0)
FNDA:22,(anonymous_1)
DA:1,1
DA:2,1
DA:6,1
DA:7,35
DA:9,35
DA:10,22
DA:11,22
DA:13,3
DA:15,22
DA:16,19
DA:17,19
DA:18,16
DA:19,16
DA:22,3
DA:30,13
DA:34,1
LF:16
LH:16
BRDA:9,0,0,22
BRDA:9,0,1,13
BRDA:11,1,0,3
BRDA:11,1,1,19
BRDA:15,2,0,19
BRDA:15,2,1,3
BRDA:17,3,0,16
BRDA:17,3,1,3
BRF:8
BRH:8
end_of_record
TN:
SF:src\models\blog_likemodule.js
FNF:0
FNH:0
DA:1,1
DA:2,1
DA:4,1
DA:16,1
DA:18,1
LF:5
LH:5
BRF:0
BRH:0
end_of_record
TN:
SF:src\models\blogmodule.js
FNF:0
FNH:0
DA:1,1
DA:2,1
DA:4,1
DA:27,1
DA:29,1
LF:5
LH:5
BRF:0
BRH:0
end_of_record
TN:
SF:src\models\commentsmodule.js
FNF:0
FNH:0
DA:1,1
DA:2,1
DA:4,1
DA:19,1
DA:21,1
LF:5
LH:5
BRF:0
BRH:0
end_of_record
TN:
SF:src\models\msgmodule.js
FNF:0
FNH:0
DA:1,1
DA:2,1
DA:4,1
DA:15,1
DA:17,1
LF:5
LH:5
BRF:0
BRH:0
end_of_record
TN:
SF:src\models\usersmodule.js
FN:21,(anonymous_0)
FNF:1
FNH:1
FNDA:1,(anonymous_0)
DA:1,1
DA:2,1
DA:3,1
DA:5,1
DA:21,1
DA:22,1
DA:23,1
DA:24,1
DA:29,1
DA:31,1
LF:10
LH:10
BRF:0
BRH:0
end_of_record
TN:
SF:src\routes\blogroutes.js
FNF:0
FNH:0
DA:1,1
DA:3,1
DA:4,1
DA:5,1
DA:6,1
DA:7,1
DA:9,1
DA:420,1
DA:421,1
DA:422,1
DA:423,1
DA:424,1
DA:425,1
DA:427,1
DA:428,1
DA:429,1
DA:430,1
DA:431,1
DA:432,1
DA:433,1
DA:434,1
DA:435,1
DA:436,1
DA:437,1
DA:439,1
LF:25
LH:25
BRF:0
BRH:0
end_of_record
TN:
SF:src\test\test.js
FN:16,(anonymous_0)
FN:21,(anonymous_1)
FN:22,(anonymous_2)
FN:25,(anonymous_3)
FN:33,(anonymous_4)
FN:34,(anonymous_5)
FN:42,(anonymous_6)
FN:50,(anonymous_7)
FN:51,(anonymous_8)
FN:59,(anonymous_9)
FN:67,(anonymous_10)
FN:68,(anonymous_11)
FN:76,(anonymous_12)
FN:84,(anonymous_13)
FN:85,(anonymous_14)
FN:93,(anonymous_15)
FN:101,(anonymous_16)
FN:102,(anonymous_17)
FN:110,(anonymous_18)
FN:118,(anonymous_19)
FN:119,(anonymous_20)
FN:128,(anonymous_21)
FN:137,(anonymous_22)
FN:138,(anonymous_23)
FN:146,(anonymous_24)
FN:155,(anonymous_25)
FN:156,(anonymous_26)
FN:160,(anonymous_27)
FN:168,(anonymous_28)
FN:169,(anonymous_29)
FN:173,(anonymous_30)
FN:181,(anonymous_31)
FN:182,(anonymous_32)
FN:191,(anonymous_33)
FN:199,(anonymous_34)
FN:200,(anonymous_35)
FN:210,(anonymous_36)
FN:218,(anonymous_37)
FN:219,(anonymous_38)
FN:227,(anonymous_39)
FN:236,(anonymous_40)
FN:237,(anonymous_41)
FN:242,(anonymous_42)
FN:251,(anonymous_43)
FN:252,(anonymous_44)
FN:261,(anonymous_45)
FN:269,(anonymous_46)
FN:270,(anonymous_47)
FN:280,(anonymous_48)
FN:288,(anonymous_49)
FN:289,(anonymous_50)
FN:292,(anonymous_51)
FN:299,(anonymous_52)
FN:300,(anonymous_53)
FN:308,(anonymous_54)
FN:316,(anonymous_55)
FN:317,(anonymous_56)
FN:321,(anonymous_57)
FN:330,(anonymous_58)
FN:331,(anonymous_59)
FN:335,(anonymous_60)
FN:344,(anonymous_61)
FN:345,(anonymous_62)
FN:349,(anonymous_63)
FN:356,(anonymous_64)
FN:357,(anonymous_65)
FN:361,(anonymous_66)
FN:368,(anonymous_67)
FN:369,(anonymous_68)
FN:373,(anonymous_69)
FN:381,(anonymous_70)
FN:382,(anonymous_71)
FN:391,(anonymous_72)
FN:400,(anonymous_73)
FN:401,(anonymous_74)
FN:410,(anonymous_75)
FN:420,(anonymous_76)
FN:421,(anonymous_77)
FN:426,(anonymous_78)
FN:435,(anonymous_79)
FN:436,(anonymous_80)
FN:444,(anonymous_81)
FN:453,(anonymous_82)
FN:454,(anonymous_83)
FN:462,(anonymous_84)
FN:471,(anonymous_85)
FN:472,(anonymous_86)
FN:480,(anonymous_87)
FN:489,(anonymous_88)
FN:490,(anonymous_89)
FN:494,(anonymous_90)
FN:503,(anonymous_91)
FN:504,(anonymous_92)
FN:508,(anonymous_93)
FN:517,(anonymous_94)
FN:518,(anonymous_95)
FN:525,(anonymous_96)
FN:526,(anonymous_97)
FN:529,(anonymous_98)
FN:537,(anonymous_99)
FN:538,(anonymous_100)
FN:542,(anonymous_101)
FN:550,(anonymous_102)
FN:551,(anonymous_103)
FN:555,(anonymous_104)
FN:562,(anonymous_105)
FN:563,(anonymous_106)
FN:567,(anonymous_107)
FNF:108
FNH:108
FNDA:1,(anonymous_0)
FNDA:1,(anonymous_1)
FNDA:1,(anonymous_2)
FNDA:1,(anonymous_3)
FNDA:1,(anonymous_4)
FNDA:1,(anonymous_5)
FNDA:1,(anonymous_6)
FNDA:1,(anonymous_7)
FNDA:1,(anonymous_8)
FNDA:1,(anonymous_9)
FNDA:1,(anonymous_10)
FNDA:1,(anonymous_11)
FNDA:1,(anonymous_12)
FNDA:1,(anonymous_13)
FNDA:1,(anonymous_14)
FNDA:1,(anonymous_15)
FNDA:1,(anonymous_16)
FNDA:1,(anonymous_17)
FNDA:1,(anonymous_18)
FNDA:1,(anonymous_19)
FNDA:1,(anonymous_20)
FNDA:1,(anonymous_21)
FNDA:1,(anonymous_22)
FNDA:1,(anonymous_23)
FNDA:1,(anonymous_24)
FNDA:1,(anonymous_25)
FNDA:1,(anonymous_26)
FNDA:1,(anonymous_27)
FNDA:1,(anonymous_28)
FNDA:1,(anonymous_29)
FNDA:1,(anonymous_30)
FNDA:1,(anonymous_31)
FNDA:1,(anonymous_32)
FNDA:1,(anonymous_33)
FNDA:1,(anonymous_34)
FNDA:1,(anonymous_35)
FNDA:1,(anonymous_36)
FNDA:1,(anonymous_37)
FNDA:1,(anonymous_38)
FNDA:1,(anonymous_39)
FNDA:1,(anonymous_40)
FNDA:1,(anonymous_41)
FNDA:1,(anonymous_42)
FNDA:1,(anonymous_43)
FNDA:1,(anonymous_44)
FNDA:1,(anonymous_45)
FNDA:1,(anonymous_46)
FNDA:1,(anonymous_47)
FNDA:1,(anonymous_48)
FNDA:1,(anonymous_49)
FNDA:1,(anonymous_50)
FNDA:1,(anonymous_51)
FNDA:1,(anonymous_52)
FNDA:1,(anonymous_53)
FNDA:1,(anonymous_54)
FNDA:1,(anonymous_55)
FNDA:1,(anonymous_56)
FNDA:1,(anonymous_57)
FNDA:1,(anonymous_58)
FNDA:1,(anonymous_59)
FNDA:1,(anonymous_60)
FNDA:1,(anonymous_61)
FNDA:1,(anonymous_62)
FNDA:1,(anonymous_63)
FNDA:1,(anonymous_64)
FNDA:1,(anonymous_65)
FNDA:1,(anonymous_66)
FNDA:1,(anonymous_67)
FNDA:1,(anonymous_68)
FNDA:1,(anonymous_69)
FNDA:1,(anonymous_70)
FNDA:1,(anonymous_71)
FNDA:1,(anonymous_72)
FNDA:1,(anonymous_73)
FNDA:1,(anonymous_74)
FNDA:1,(anonymous_75)
FNDA:1,(anonymous_76)
FNDA:1,(anonymous_77)
FNDA:1,(anonymous_78)
FNDA:1,(anonymous_79)
FNDA:1,(anonymous_80)
FNDA:1,(anonymous_81)
FNDA:1,(anonymous_82)
FNDA:1,(anonymous_83)
FNDA:1,(anonymous_84)
FNDA:1,(anonymous_85)
FNDA:1,(anonymous_86)
FNDA:1,(anonymous_87)
FNDA:1,(anonymous_88)
FNDA:1,(anonymous_89)
FNDA:1,(anonymous_90)
FNDA:1,(anonymous_91)
FNDA:1,(anonymous_92)
FNDA:1,(anonymous_93)
FNDA:1,(anonymous_94)
FNDA:1,(anonymous_95)
FNDA:1,(anonymous_96)
FNDA:1,(anonymous_97)
FNDA:1,(anonymous_98)
FNDA:1,(anonymous_99)
FNDA:1,(anonymous_100)
FNDA:1,(anonymous_101)
FNDA:1,(anonymous_102)
FNDA:1,(anonymous_103)
FNDA:1,(anonymous_104)
FNDA:1,(anonymous_105)
FNDA:1,(anonymous_106)
FNDA:1,(anonymous_107)
DA:1,1
DA:2,1
DA:3,1
DA:6,1
DA:8,1
DA:9,1
DA:10,1
DA:11,1
DA:12,1
DA:13,1
DA:14,1
DA:16,1
DA:21,1
DA:22,1
DA:23,1
DA:26,1
DA:27,1
DA:28,1
DA:33,1
DA:34,1
DA:35,1
DA:39,1
DA:43,1
DA:44,1
DA:45,1
DA:50,1
DA:51,1
DA:52,1
DA:56,1
DA:60,1
DA:61,1
DA:62,1
DA:67,1
DA:68,1
DA:69,1
DA:73,1
DA:77,1
DA:78,1
DA:79,1
DA:84,1
DA:85,1
DA:86,1
DA:90,1
DA:94,1
DA:95,1
DA:96,1
DA:101,1
DA:102,1
DA:103,1
DA:107,1
DA:111,1
DA:112,1
DA:113,1
DA:118,1
DA:119,1
DA:120,1
DA:125,1
DA:129,1
DA:130,1
DA:131,1
DA:132,1
DA:137,1
DA:138,1
DA:139,1
DA:142,1
DA:147,1
DA:148,1
DA:149,1
DA:150,1
DA:155,1
DA:156,1
DA:157,1
DA:161,1
DA:162,1
DA:163,1
DA:168,1
DA:169,1
DA:170,1
DA:174,1
DA:175,1
DA:176,1
DA:181,1
DA:182,1
DA:183,1
DA:188,1
DA:192,1
DA:193,1
DA:194,1
DA:195,1
DA:199,1
DA:200,1
DA:202,1
DA:204,1
DA:211,1
DA:212,1
DA:213,1
DA:218,1
DA:219,1
DA:220,1
DA:223,1
DA:228,1
DA:229,1
DA:230,1
DA:231,1
DA:236,1
DA:237,1
DA:238,1
DA:239,1
DA:243,1
DA:244,1
DA:245,1
DA:246,1
DA:251,1
DA:252,1
DA:253,1
DA:257,1
DA:262,1
DA:263,1
DA:264,1
DA:269,1
DA:270,1
DA:272,1
DA:274,1
DA:281,1
DA:282,1
DA:288,1
DA:289,1
DA:290,1
DA:293,1
DA:294,1
DA:299,1
DA:300,1
DA:301,1
DA:304,1
DA:309,1
DA:310,1
DA:316,1
DA:317,1
DA:318,1
DA:322,1
DA:323,1
DA:324,1
DA:325,1
DA:330,1
DA:331,1
DA:332,1
DA:336,1
DA:337,1
DA:338,1
DA:339,1
DA:344,1
DA:345,1
DA:346,1
DA:350,1
DA:351,1
DA:356,1
DA:357,1
DA:358,1
DA:362,1
DA:363,1
DA:368,1
DA:369,1
DA:370,1
DA:374,1
DA:375,1
DA:381,1
DA:382,1
DA:383,1
DA:386,1
DA:387,1
DA:392,1
DA:393,1
DA:394,1
DA:395,1
DA:400,1
DA:401,1
DA:402,1
DA:405,1
DA:406,1
DA:411,1
DA:412,1
DA:413,1
DA:420,1
DA:421,1
DA:422,1
DA:423,1
DA:427,1
DA:428,1
DA:429,1
DA:430,1
DA:435,1
DA:436,1
DA:437,1
DA:441,1
DA:445,1
DA:446,1
DA:447,1
DA:448,1
DA:453,1
DA:454,1
DA:455,1
DA:459,1
DA:463,1
DA:464,1
DA:465,1
DA:466,1
DA:471,1
DA:472,1
DA:473,1
DA:476,1
DA:481,1
DA:482,1
DA:483,1
DA:484,1
DA:489,1
DA:490,1
DA:491,1
DA:495,1
DA:496,1
DA:497,1
DA:498,1
DA:503,1
DA:504,1
DA:506,1
DA:509,1
DA:510,1
DA:511,1
DA:512,1
DA:517,1
DA:518,1
DA:519,1
DA:520,1
DA:521,1
DA:525,1
DA:526,1
DA:527,1
DA:530,1
DA:531,1
DA:532,1
DA:537,1
DA:538,1
DA:539,1
DA:543,1
DA:544,1
DA:545,1
DA:550,1
DA:551,1
DA:552,1
DA:556,1
DA:557,1
DA:558,1
DA:562,1
DA:563,1
DA:564,1
DA:568,1
DA:569,1
DA:570,1
LF:257
LH:257
BRF:0
BRH:0
end_of_record
