TN:
SF:app.js
FN:46,(anonymous_0)
FNF:1
FNH:1
FNDA:1,(anonymous_0)
DA:1,1
DA:2,1
DA:3,1
DA:4,1
DA:5,1
DA:6,1
DA:7,1
DA:8,1
DA:11,1
DA:13,1
DA:14,1
DA:16,1
DA:33,1
DA:34,1
DA:36,1
DA:37,1
DA:38,1
DA:39,1
DA:40,1
DA:41,1
DA:42,1
DA:45,1
DA:46,1
DA:47,1
DA:49,1
LF:25
LH:25
BRDA:45,0,0,1
BRDA:45,0,1,0
BRF:2
BRH:1
end_of_record
TN:
SF:src\configs\cloudinary.js
FNF:0
FNH:0
DA:1,1
DA:3,1
DA:9,1
LF:3
LH:3
BRF:0
BRH:0
end_of_record
TN:
SF:src\configs\database.js
FN:5,(anonymous_0)
FN:10,(anonymous_1)
FN:13,(anonymous_2)
FNF:3
FNH:2
FNDA:1,(anonymous_0)
FNDA:1,(anonymous_1)
FNDA:0,(anonymous_2)
DA:1,1
DA:2,1
DA:3,1
DA:5,1
DA:6,1
DA:10,1
DA:13,1
DA:14,0
DA:16,1
LF:9
LH:8
BRF:0
BRH:0
end_of_record
TN:
SF:src\configs\multer.js
FN:9,(anonymous_0)
FNF:1
FNH:1
FNDA:2,(anonymous_0)
DA:1,1
DA:2,1
DA:3,1
DA:5,1
DA:7,1
DA:10,2
DA:11,2
DA:12,0
DA:13,0
DA:15,2
DA:27,1
LF:11
LH:9
BRDA:11,0,0,0
BRDA:11,0,1,2
BRDA:11,1,0,2
BRDA:11,1,1,0
BRDA:11,1,2,0
BRF:5
BRH:2
end_of_record
TN:
SF:src\controllers\blogcontrollers.js
FN:19,(anonymous_0)
FN:21,(anonymous_1)
FN:27,(anonymous_2)
FN:31,(anonymous_3)
FN:32,(anonymous_4)
FN:47,(anonymous_5)
FN:53,(anonymous_6)
FN:63,(anonymous_7)
FN:76,(anonymous_8)
FN:80,(anonymous_9)
FN:86,(anonymous_10)
FN:95,(anonymous_11)
FN:98,(anonymous_12)
FN:123,(anonymous_13)
FN:125,(anonymous_14)
FN:133,generateToken
FN:138,(anonymous_16)
FN:168,(anonymous_17)
FN:217,(anonymous_18)
FN:226,(anonymous_19)
FN:237,(anonymous_20)
FN:251,(anonymous_21)
FN:253,(anonymous_22)
FN:259,(anonymous_23)
FN:264,(anonymous_24)
FN:267,(anonymous_25)
FN:277,(anonymous_26)
FN:280,(anonymous_27)
FN:288,(anonymous_28)
FN:293,(anonymous_29)
FN:297,(anonymous_30)
FN:312,(anonymous_31)
FN:317,(anonymous_32)
FN:322,(anonymous_33)
FN:326,(anonymous_34)
FN:345,(anonymous_35)
FN:359,(anonymous_36)
FN:362,(anonymous_37)
FNF:38
FNH:30
FNDA:1,(anonymous_0)
FNDA:1,(anonymous_1)
FNDA:1,(anonymous_2)
FNDA:1,(anonymous_3)
FNDA:16,(anonymous_4)
FNDA:1,(anonymous_5)
FNDA:0,(anonymous_6)
FNDA:1,(anonymous_7)
FNDA:0,(anonymous_8)
FNDA:2,(anonymous_9)
FNDA:1,(anonymous_10)
FNDA:1,(anonymous_11)
FNDA:1,(anonymous_12)
FNDA:0,(anonymous_13)
FNDA:0,(anonymous_14)
FNDA:2,generateToken
FNDA:2,(anonymous_16)
FNDA:4,(anonymous_17)
FNDA:3,(anonymous_18)
FNDA:1,(anonymous_19)
FNDA:2,(anonymous_20)
FNDA:1,(anonymous_21)
FNDA:1,(anonymous_22)
FNDA:1,(anonymous_23)
FNDA:2,(anonymous_24)
FNDA:2,(anonymous_25)
FNDA:2,(anonymous_26)
FNDA:1,(anonymous_27)
FNDA:1,(anonymous_28)
FNDA:1,(anonymous_29)
FNDA:0,(anonymous_30)
FNDA:0,(anonymous_31)
FNDA:1,(anonymous_32)
FNDA:1,(anonymous_33)
FNDA:1,(anonymous_34)
FNDA:1,(anonymous_35)
FNDA:0,(anonymous_36)
FNDA:0,(anonymous_37)
DA:1,1
DA:2,1
DA:3,1
DA:4,1
DA:5,1
DA:6,1
DA:7,1
DA:8,1
DA:9,1
DA:10,1
DA:11,1
DA:12,1
DA:13,1
DA:16,1
DA:19,1
DA:20,1
DA:21,1
DA:27,1
DA:28,1
DA:29,1
DA:30,1
DA:32,1
DA:33,16
DA:34,1
DA:35,1
DA:39,1
DA:40,0
DA:47,1
DA:48,1
DA:49,1
DA:50,0
DA:51,0
DA:53,0
DA:54,0
DA:55,0
DA:57,0
DA:58,0
DA:63,1
DA:64,1
DA:65,0
DA:67,1
DA:68,1
DA:76,1
DA:77,0
DA:80,1
DA:81,2
DA:82,2
DA:84,1
DA:85,1
DA:87,1
DA:90,1
DA:95,1
DA:96,1
DA:97,1
DA:99,1
DA:100,1
DA:101,0
DA:103,1
DA:104,1
DA:105,1
DA:106,1
DA:109,0
DA:123,1
DA:124,0
DA:126,0
DA:127,0
DA:128,0
DA:134,2
DA:135,2
DA:138,1
DA:139,2
DA:141,2
DA:142,2
DA:143,2
DA:144,2
DA:145,2
DA:146,2
DA:147,1
DA:148,1
DA:149,1
DA:151,1
DA:157,1
DA:163,0
DA:168,1
DA:169,4
DA:170,4
DA:171,3
DA:172,3
DA:173,3
DA:174,3
DA:175,3
DA:177,2
DA:178,1
DA:179,1
DA:180,1
DA:181,1
DA:183,1
DA:186,0
DA:190,1
DA:191,1
DA:192,0
DA:193,0
DA:195,0
DA:197,1
DA:203,1
DA:209,0
DA:212,1
DA:217,1
DA:218,3
DA:219,3
DA:220,1
DA:221,1
DA:222,1
DA:224,1
DA:225,1
DA:227,1
DA:228,1
DA:229,1
DA:232,2
DA:237,1
DA:239,2
DA:240,2
DA:241,1
DA:242,1
DA:243,1
DA:244,1
DA:246,1
DA:251,1
DA:252,1
DA:253,1
DA:259,1
DA:260,1
DA:261,1
DA:264,1
DA:265,2
DA:267,2
DA:268,2
DA:269,1
DA:271,2
DA:272,1
DA:277,1
DA:278,2
DA:279,2
DA:281,1
DA:282,0
DA:284,1
DA:285,1
DA:289,1
DA:290,1
DA:291,1
DA:292,1
DA:294,1
DA:295,1
DA:296,1
DA:298,0
DA:302,0
DA:303,0
DA:307,0
DA:310,0
DA:313,0
DA:318,1
DA:322,1
DA:323,1
DA:324,1
DA:325,1
DA:327,1
DA:328,1
DA:329,0
DA:332,1
DA:333,1
DA:337,1
DA:340,0
DA:345,1
DA:346,1
DA:347,1
DA:348,1
DA:349,1
DA:350,1
DA:353,0
DA:359,1
DA:360,0
DA:362,1
DA:363,0
DA:366,1
LF:184
LH:150
BRDA:33,0,0,1
BRDA:33,0,1,15
BRDA:39,1,0,0
BRDA:39,1,1,1
BRDA:49,2,0,0
BRDA:49,2,1,1
BRDA:54,3,0,0
BRDA:54,3,1,0
BRDA:57,4,0,0
BRDA:57,4,1,0
BRDA:64,5,0,0
BRDA:64,5,1,1
BRDA:67,6,0,1
BRDA:67,6,1,0
BRDA:82,7,0,1
BRDA:82,7,1,1
BRDA:100,8,0,0
BRDA:100,8,1,1
BRDA:141,9,0,2
BRDA:141,9,1,0
BRDA:146,10,0,1
BRDA:146,10,1,1
BRDA:170,11,0,3
BRDA:170,11,1,1
BRDA:175,12,0,2
BRDA:175,12,1,1
BRDA:177,13,0,1
BRDA:177,13,1,1
BRDA:179,14,0,1
BRDA:179,14,1,0
BRDA:191,15,0,0
BRDA:191,15,1,1
BRDA:219,16,0,1
BRDA:219,16,1,2
BRDA:240,17,0,1
BRDA:240,17,1,1
BRDA:268,18,0,1
BRDA:268,18,1,1
BRDA:271,19,0,1
BRDA:271,19,1,1
BRDA:281,20,0,0
BRDA:281,20,1,1
BRDA:290,21,0,1
BRDA:290,21,1,0
BRDA:328,22,0,0
BRDA:328,22,1,1
BRDA:348,23,0,1
BRDA:348,23,1,0
BRF:48
BRH:32
end_of_record
TN:
SF:src\middlewares\adminActions.js
FN:6,(anonymous_0)
FN:10,(anonymous_1)
FNF:2
FNH:2
FNDA:9,(anonymous_0)
FNDA:9,(anonymous_1)
DA:1,1
DA:2,1
DA:6,1
DA:7,9
DA:9,9
DA:10,9
DA:11,9
DA:12,0
DA:16,9
DA:17,9
DA:18,9
DA:19,8
DA:20,8
DA:23,0
DA:27,1
DA:34,0
DA:38,1
LF:17
LH:14
BRDA:9,0,0,9
BRDA:9,0,1,0
BRDA:11,1,0,0
BRDA:11,1,1,9
BRDA:16,2,0,9
BRDA:16,2,1,0
BRDA:18,3,0,8
BRDA:18,3,1,1
BRDA:19,4,0,8
BRDA:19,4,1,0
BRF:10
BRH:6
end_of_record
TN:
SF:src\middlewares\emailvalidation.js
FN:2,ValidateEmail
FNF:1
FNH:1
FNDA:1,ValidateEmail
DA:3,1
DA:8,1
LF:2
LH:2
BRF:0
BRH:0
end_of_record
TN:
SF:src\middlewares\formvalidation.js
FN:3,(anonymous_0)
FN:3,(anonymous_1)
FNF:2
FNH:2
FNDA:5,(anonymous_0)
FNDA:13,(anonymous_1)
DA:1,1
DA:3,5
DA:4,13
DA:7,1
DA:13,1
DA:19,1
DA:24,1
DA:28,1
DA:32,1
DA:33,1
DA:34,1
DA:35,1
DA:36,1
LF:13
LH:13
BRF:0
BRH:0
end_of_record
TN:
SF:src\middlewares\verifytoken.js
FN:5,(anonymous_0)
FN:9,(anonymous_1)
FNF:2
FNH:2
FNDA:16,(anonymous_0)
FNDA:16,(anonymous_1)
DA:1,1
DA:5,1
DA:6,16
DA:8,16
DA:9,16
DA:10,16
DA:11,2
DA:13,16
DA:14,14
DA:19,0
DA:23,1
LF:11
LH:10
BRDA:8,0,0,16
BRDA:8,0,1,0
BRDA:10,1,0,2
BRDA:10,1,1,14
BRDA:13,2,0,14
BRDA:13,2,1,2
BRF:6
BRH:5
end_of_record
TN:
SF:src\middlewares\verifyuser.js
FN:6,(anonymous_0)
FN:10,(anonymous_1)
FNF:2
FNH:2
FNDA:28,(anonymous_0)
FNDA:17,(anonymous_1)
DA:1,1
DA:2,1
DA:6,1
DA:7,28
DA:9,28
DA:10,17
DA:11,17
DA:13,2
DA:15,17
DA:16,15
DA:17,15
DA:18,14
DA:19,14
DA:22,1
DA:30,11
DA:34,1
LF:16
LH:16
BRDA:9,0,0,17
BRDA:9,0,1,11
BRDA:11,1,0,2
BRDA:11,1,1,15
BRDA:15,2,0,15
BRDA:15,2,1,2
BRDA:17,3,0,14
BRDA:17,3,1,1
BRF:8
BRH:8
end_of_record
TN:
SF:src\models\blog_likemodule.js
FNF:0
FNH:0
DA:1,1
DA:2,1
DA:4,1
DA:16,1
DA:18,1
LF:5
LH:5
BRF:0
BRH:0
end_of_record
TN:
SF:src\models\blogmodule.js
FNF:0
FNH:0
DA:1,1
DA:2,1
DA:4,1
DA:27,1
DA:29,1
LF:5
LH:5
BRF:0
BRH:0
end_of_record
TN:
SF:src\models\commentsmodule.js
FNF:0
FNH:0
DA:1,1
DA:2,1
DA:4,1
DA:19,1
DA:21,1
LF:5
LH:5
BRF:0
BRH:0
end_of_record
TN:
SF:src\models\msgmodule.js
FNF:0
FNH:0
DA:1,1
DA:2,1
DA:4,1
DA:15,1
DA:17,1
LF:5
LH:5
BRF:0
BRH:0
end_of_record
TN:
SF:src\models\usersmodule.js
FN:21,(anonymous_0)
FNF:1
FNH:1
FNDA:1,(anonymous_0)
DA:1,1
DA:2,1
DA:3,1
DA:5,1
DA:21,1
DA:22,1
DA:23,1
DA:24,1
DA:29,1
DA:31,1
LF:10
LH:10
BRF:0
BRH:0
end_of_record
TN:
SF:src\routes\blogroutes.js
FNF:0
FNH:0
DA:1,1
DA:2,1
DA:3,1
DA:4,1
DA:5,1
DA:6,1
DA:7,1
DA:9,1
DA:11,1
DA:14,1
DA:420,1
DA:421,1
DA:422,1
DA:423,1
DA:424,1
DA:425,1
DA:427,1
DA:428,1
DA:429,1
DA:430,1
DA:431,1
DA:432,1
DA:433,1
DA:434,1
DA:435,1
DA:436,1
DA:437,1
DA:439,1
LF:28
LH:28
BRF:0
BRH:0
end_of_record
TN:
SF:src\test\test.js
FN:16,(anonymous_0)
FN:21,(anonymous_1)
FN:22,(anonymous_2)
FN:25,(anonymous_3)
FN:33,(anonymous_4)
FN:34,(anonymous_5)
FN:42,(anonymous_6)
FN:50,(anonymous_7)
FN:51,(anonymous_8)
FN:59,(anonymous_9)
FN:68,(anonymous_10)
FN:69,(anonymous_11)
FN:77,(anonymous_12)
FN:85,(anonymous_13)
FN:86,(anonymous_14)
FN:94,(anonymous_15)
FN:102,(anonymous_16)
FN:103,(anonymous_17)
FN:112,(anonymous_18)
FN:121,(anonymous_19)
FN:122,(anonymous_20)
FN:130,(anonymous_21)
FN:139,(anonymous_22)
FN:140,(anonymous_23)
FN:145,(anonymous_24)
FN:153,(anonymous_25)
FN:154,(anonymous_26)
FN:163,(anonymous_27)
FN:171,(anonymous_28)
FN:172,(anonymous_29)
FN:182,(anonymous_30)
FN:190,(anonymous_31)
FN:191,(anonymous_32)
FN:199,(anonymous_33)
FN:208,(anonymous_34)
FN:209,(anonymous_35)
FN:214,(anonymous_36)
FN:223,(anonymous_37)
FN:224,(anonymous_38)
FN:234,(anonymous_39)
FN:242,(anonymous_40)
FN:243,(anonymous_41)
FN:246,(anonymous_42)
FN:253,(anonymous_43)
FN:254,(anonymous_44)
FN:262,(anonymous_45)
FN:270,(anonymous_46)
FN:271,(anonymous_47)
FN:275,(anonymous_48)
FN:284,(anonymous_49)
FN:285,(anonymous_50)
FN:289,(anonymous_51)
FN:296,(anonymous_52)
FN:297,(anonymous_53)
FN:301,(anonymous_54)
FN:308,(anonymous_55)
FN:309,(anonymous_56)
FN:313,(anonymous_57)
FN:321,(anonymous_58)
FN:322,(anonymous_59)
FN:331,(anonymous_60)
FN:340,(anonymous_61)
FN:341,(anonymous_62)
FN:350,(anonymous_63)
FN:358,(anonymous_64)
FN:359,(anonymous_65)
FN:368,(anonymous_66)
FN:376,(anonymous_67)
FN:377,(anonymous_68)
FN:382,(anonymous_69)
FN:391,(anonymous_70)
FN:392,(anonymous_71)
FN:400,(anonymous_72)
FN:409,(anonymous_73)
FN:410,(anonymous_74)
FN:418,(anonymous_75)
FN:427,(anonymous_76)
FN:428,(anonymous_77)
FN:436,(anonymous_78)
FN:445,(anonymous_79)
FN:446,(anonymous_80)
FN:450,(anonymous_81)
FN:459,(anonymous_82)
FN:460,(anonymous_83)
FN:464,(anonymous_84)
FN:473,(anonymous_85)
FN:474,(anonymous_86)
FNF:87
FNH:87
FNDA:1,(anonymous_0)
FNDA:1,(anonymous_1)
FNDA:1,(anonymous_2)
FNDA:1,(anonymous_3)
FNDA:1,(anonymous_4)
FNDA:1,(anonymous_5)
FNDA:1,(anonymous_6)
FNDA:1,(anonymous_7)
FNDA:1,(anonymous_8)
FNDA:1,(anonymous_9)
FNDA:1,(anonymous_10)
FNDA:1,(anonymous_11)
FNDA:1,(anonymous_12)
FNDA:1,(anonymous_13)
FNDA:1,(anonymous_14)
FNDA:1,(anonymous_15)
FNDA:1,(anonymous_16)
FNDA:1,(anonymous_17)
FNDA:1,(anonymous_18)
FNDA:1,(anonymous_19)
FNDA:1,(anonymous_20)
FNDA:1,(anonymous_21)
FNDA:1,(anonymous_22)
FNDA:1,(anonymous_23)
FNDA:1,(anonymous_24)
FNDA:1,(anonymous_25)
FNDA:1,(anonymous_26)
FNDA:1,(anonymous_27)
FNDA:1,(anonymous_28)
FNDA:1,(anonymous_29)
FNDA:1,(anonymous_30)
FNDA:1,(anonymous_31)
FNDA:1,(anonymous_32)
FNDA:1,(anonymous_33)
FNDA:1,(anonymous_34)
FNDA:1,(anonymous_35)
FNDA:1,(anonymous_36)
FNDA:1,(anonymous_37)
FNDA:1,(anonymous_38)
FNDA:1,(anonymous_39)
FNDA:1,(anonymous_40)
FNDA:1,(anonymous_41)
FNDA:1,(anonymous_42)
FNDA:1,(anonymous_43)
FNDA:1,(anonymous_44)
FNDA:1,(anonymous_45)
FNDA:1,(anonymous_46)
FNDA:1,(anonymous_47)
FNDA:1,(anonymous_48)
FNDA:1,(anonymous_49)
FNDA:1,(anonymous_50)
FNDA:1,(anonymous_51)
FNDA:1,(anonymous_52)
FNDA:1,(anonymous_53)
FNDA:1,(anonymous_54)
FNDA:1,(anonymous_55)
FNDA:1,(anonymous_56)
FNDA:1,(anonymous_57)
FNDA:1,(anonymous_58)
FNDA:1,(anonymous_59)
FNDA:1,(anonymous_60)
FNDA:1,(anonymous_61)
FNDA:1,(anonymous_62)
FNDA:1,(anonymous_63)
FNDA:1,(anonymous_64)
FNDA:1,(anonymous_65)
FNDA:1,(anonymous_66)
FNDA:1,(anonymous_67)
FNDA:1,(anonymous_68)
FNDA:1,(anonymous_69)
FNDA:1,(anonymous_70)
FNDA:1,(anonymous_71)
FNDA:1,(anonymous_72)
FNDA:1,(anonymous_73)
FNDA:1,(anonymous_74)
FNDA:1,(anonymous_75)
FNDA:1,(anonymous_76)
FNDA:1,(anonymous_77)
FNDA:1,(anonymous_78)
FNDA:1,(anonymous_79)
FNDA:1,(anonymous_80)
FNDA:1,(anonymous_81)
FNDA:1,(anonymous_82)
FNDA:1,(anonymous_83)
FNDA:1,(anonymous_84)
FNDA:1,(anonymous_85)
FNDA:1,(anonymous_86)
DA:1,1
DA:2,1
DA:3,1
DA:6,1
DA:8,1
DA:9,1
DA:10,1
DA:11,1
DA:12,1
DA:13,1
DA:14,1
DA:16,1
DA:21,1
DA:22,1
DA:23,1
DA:26,1
DA:27,1
DA:28,1
DA:33,1
DA:34,1
DA:35,1
DA:39,1
DA:43,1
DA:44,1
DA:45,1
DA:50,1
DA:51,1
DA:52,1
DA:56,1
DA:60,1
DA:61,1
DA:62,1
DA:68,1
DA:69,1
DA:70,1
DA:74,1
DA:78,1
DA:79,1
DA:80,1
DA:85,1
DA:86,1
DA:87,1
DA:91,1
DA:95,1
DA:96,1
DA:97,1
DA:102,1
DA:103,1
DA:104,1
DA:109,1
DA:113,1
DA:114,1
DA:115,1
DA:116,1
DA:121,1
DA:122,1
DA:123,1
DA:126,1
DA:131,1
DA:132,1
DA:133,1
DA:134,1
DA:139,1
DA:140,1
DA:142,1
DA:146,1
DA:147,1
DA:148,1
DA:153,1
DA:154,1
DA:155,1
DA:160,1
DA:164,1
DA:165,1
DA:166,1
DA:167,1
DA:171,1
DA:172,1
DA:174,1
DA:176,1
DA:183,1
DA:184,1
DA:185,1
DA:190,1
DA:191,1
DA:192,1
DA:195,1
DA:200,1
DA:201,1
DA:202,1
DA:203,1
DA:208,1
DA:209,1
DA:210,1
DA:211,1
DA:215,1
DA:216,1
DA:217,1
DA:218,1
DA:223,1
DA:224,1
DA:226,1
DA:228,1
DA:235,1
DA:236,1
DA:242,1
DA:243,1
DA:244,1
DA:247,1
DA:248,1
DA:253,1
DA:254,1
DA:255,1
DA:258,1
DA:263,1
DA:264,1
DA:270,1
DA:271,1
DA:272,1
DA:276,1
DA:277,1
DA:278,1
DA:279,1
DA:284,1
DA:285,1
DA:286,1
DA:290,1
DA:291,1
DA:296,1
DA:297,1
DA:298,1
DA:302,1
DA:303,1
DA:308,1
DA:309,1
DA:310,1
DA:314,1
DA:315,1
DA:321,1
DA:322,1
DA:323,1
DA:326,1
DA:327,1
DA:332,1
DA:333,1
DA:334,1
DA:335,1
DA:340,1
DA:341,1
DA:342,1
DA:345,1
DA:346,1
DA:351,1
DA:352,1
DA:353,1
DA:358,1
DA:359,1
DA:360,1
DA:363,1
DA:364,1
DA:369,1
DA:370,1
DA:371,1
DA:376,1
DA:377,1
DA:378,1
DA:379,1
DA:383,1
DA:384,1
DA:385,1
DA:386,1
DA:391,1
DA:392,1
DA:393,1
DA:397,1
DA:401,1
DA:402,1
DA:403,1
DA:404,1
DA:409,1
DA:410,1
DA:411,1
DA:415,1
DA:419,1
DA:420,1
DA:421,1
DA:422,1
DA:427,1
DA:428,1
DA:429,1
DA:432,1
DA:437,1
DA:438,1
DA:439,1
DA:440,1
DA:445,1
DA:446,1
DA:447,1
DA:451,1
DA:452,1
DA:453,1
DA:454,1
DA:459,1
DA:460,1
DA:462,1
DA:465,1
DA:466,1
DA:467,1
DA:468,1
DA:473,1
DA:474,1
DA:475,1
DA:476,1
DA:477,1
LF:214
LH:214
BRF:0
BRH:0
end_of_record
